[2018-12-07 15:40:06 ] [INFO] com.s3.java.api.Test.lambda$0(Test.java:24) : wakesy
[2018-12-07 15:40:06 ] [INFO] com.s3.java.api.Test.lambda$0(Test.java:24) : wakesy2
[2018-12-07 15:53:23 ] [INFO] com.s3.java.api.ObjectOperation.listObjects(ObjectOperation.java:71) : listObjects successfully!
[2018-12-07 15:53:23 ] [INFO] com.s3.java.api.ObjectOperation.lambda$0(ObjectOperation.java:72) : object: GTMC分布式存储使用课题及对策说明_20180408-reviewed-by-masi.xlsx
[2018-12-07 15:53:23 ] [INFO] com.s3.java.api.ObjectOperation.lambda$0(ObjectOperation.java:72) : object: test_resource/common.log
[2018-12-07 15:53:23 ] [INFO] com.s3.java.api.ObjectOperation.lambda$0(ObjectOperation.java:72) : object: test_resource/中文.log2
[2018-12-07 15:53:23 ] [INFO] com.s3.java.api.ObjectOperation.lambda$0(ObjectOperation.java:72) : object: 分布式对象存储迁移工具介绍.docx
[2018-12-07 15:53:23 ] [INFO] com.s3.java.api.ObjectOperation.lambda$0(ObjectOperation.java:72) : object: 查询文件名带引号的报错.png
[2018-12-07 15:53:23 ] [INFO] com.s3.java.api.ObjectOperation.lambda$0(ObjectOperation.java:72) : object: 问题记录.txt
[2018-12-07 15:53:53 ] [INFO] com.s3.java.api.ObjectOperation.initS3Connection(ObjectOperation.java:56) : Create s3 connection successfully!
[2018-12-07 15:53:54 ] [INFO] com.s3.java.api.ObjectOperation.listObjects(ObjectOperation.java:71) : listObjects successfully!
[2018-12-07 15:53:54 ] [INFO] com.s3.java.api.ObjectOperation.lambda$0(ObjectOperation.java:72) : object: GTMC分布式存储使用课题及对策说明_20180408-reviewed-by-masi.xlsx
[2018-12-07 15:53:54 ] [INFO] com.s3.java.api.ObjectOperation.lambda$0(ObjectOperation.java:72) : object: test_resource/common.log
[2018-12-07 15:53:54 ] [INFO] com.s3.java.api.ObjectOperation.lambda$0(ObjectOperation.java:72) : object: test_resource/中文.log2
[2018-12-07 15:53:54 ] [INFO] com.s3.java.api.ObjectOperation.lambda$0(ObjectOperation.java:72) : object: 分布式对象存储迁移工具介绍.docx
[2018-12-07 15:53:54 ] [INFO] com.s3.java.api.ObjectOperation.lambda$0(ObjectOperation.java:72) : object: 查询文件名带引号的报错.png
[2018-12-07 15:53:54 ] [INFO] com.s3.java.api.ObjectOperation.lambda$0(ObjectOperation.java:72) : object: 问题记录.txt
[2018-12-07 15:59:13 ] [INFO] com.s3.java.api.BucketOperation.initS3Connection(BucketOperation.java:36) : Create s3 connection successfully!
[2018-12-07 15:59:13 ] [INFO] com.s3.java.api.BucketOperation.lambda$0(BucketOperation.java:50) : aaa1
[2018-12-07 15:59:13 ] [INFO] com.s3.java.api.BucketOperation.lambda$0(BucketOperation.java:50) : test1
[2018-12-07 15:59:13 ] [INFO] com.s3.java.api.BucketOperation.lambda$0(BucketOperation.java:50) : wakesy
[2018-12-07 15:59:13 ] [INFO] com.s3.java.api.BucketOperation.lambda$0(BucketOperation.java:50) : wakesy2
[2018-12-07 15:59:13 ] [INFO] com.s3.java.api.BucketOperation.lambda$0(BucketOperation.java:50) : wakesy3
[2018-12-07 17:08:25 ] [INFO] com.s3.java.api.ObjectOperation.initS3Connection(ObjectOperation.java:58) : Create s3 connection successfully!
[2018-12-07 17:08:26 ] [INFO] com.s3.java.api.ObjectOperation.putObject(ObjectOperation.java:88) : upload object successfully, object_key: common.log
[2018-12-07 17:08:26 ] [INFO] com.s3.java.api.ObjectOperation.putObject(ObjectOperation.java:88) : upload object successfully, object_key: common.log_temp
[2018-12-07 17:08:26 ] [INFO] com.s3.java.api.ObjectOperation.putObject(ObjectOperation.java:88) : upload object successfully, object_key: sysInfo.log
[2018-12-07 17:08:26 ] [INFO] com.s3.java.api.ObjectOperation.putObject(ObjectOperation.java:88) : upload object successfully, object_key: test2/common.log_temp
[2018-12-07 17:08:26 ] [INFO] com.s3.java.api.ObjectOperation.putObject(ObjectOperation.java:88) : upload object successfully, object_key: test2/sysInfo.log
[2018-12-07 17:08:26 ] [INFO] com.s3.java.api.ObjectOperation.putObject(ObjectOperation.java:88) : upload object successfully, object_key: test2/test3/common.log
[2018-12-07 17:08:26 ] [INFO] com.s3.java.api.ObjectOperation.putObject(ObjectOperation.java:88) : upload object successfully, object_key: test2/test3/common.log_temp
[2018-12-07 17:09:45 ] [INFO] com.s3.java.api.ObjectOperation.initS3Connection(ObjectOperation.java:58) : Create s3 connection successfully!
[2018-12-07 17:09:46 ] [INFO] com.s3.java.api.ObjectOperation.putObject(ObjectOperation.java:88) : upload object successfully, object_key: common.log
[2018-12-07 17:09:52 ] [INFO] com.s3.java.api.ObjectOperation.putObject(ObjectOperation.java:88) : upload object successfully, object_key: common.log_temp
[2018-12-07 17:09:52 ] [INFO] com.s3.java.api.ObjectOperation.putObject(ObjectOperation.java:88) : upload object successfully, object_key: sysInfo.log
[2018-12-07 17:09:52 ] [INFO] com.s3.java.api.ObjectOperation.putObject(ObjectOperation.java:88) : upload object successfully, object_key: test2/common.log_temp
[2018-12-07 17:09:52 ] [INFO] com.s3.java.api.ObjectOperation.putObject(ObjectOperation.java:88) : upload object successfully, object_key: test2/sysInfo.log
[2018-12-07 17:09:53 ] [INFO] com.s3.java.api.ObjectOperation.putObject(ObjectOperation.java:88) : upload object successfully, object_key: test2/test3/common.log
[2018-12-07 17:09:53 ] [INFO] com.s3.java.api.ObjectOperation.putObject(ObjectOperation.java:88) : upload object successfully, object_key: test2/test3/common.log_temp
[2018-12-07 17:49:04 ] [INFO] com.s3.java.api.Common.initS3Connection(Common.java:47) : Create s3 connection successfully!
[2018-12-07 17:50:27 ] [INFO] com.s3.java.api.Common.initS3Connection(Common.java:47) : Create s3 connection successfully!
[2018-12-07 17:52:26 ] [INFO] com.s3.java.api.Common.initS3Connection(Common.java:47) : Create s3 connection successfully!
[2018-12-07 17:57:17 ] [INFO] com.s3.java.api.Common.initS3Connection(Common.java:47) : Create s3 connection successfully!
[2018-12-07 17:58:12 ] [INFO] com.s3.java.api.Common.initS3Connection(Common.java:47) : Create s3 connection successfully!
[2018-12-07 18:16:51 ] [INFO] com.s3.java.api.Common.getS3Connection(Common.java:48) : Create s3 connection successfully!
[2018-12-07 18:20:28 ] [INFO] com.s3.java.api.Common.getS3Connection(Common.java:48) : Create s3 connection successfully!
[2018-12-07 18:29:16 ] [INFO] com.s3.java.api.Common.initS3Connection(Common.java:48) : Create s3 connection successfully!
[2018-12-07 18:29:56 ] [INFO] com.s3.java.api.Common.initS3Connection(Common.java:48) : Create s3 connection successfully!
[2018-12-07 18:29:56 ] [INFO] com.s3.java.api.BucketOperation.lambda$0(BucketOperation.java:28) : aaa1
[2018-12-07 18:29:56 ] [INFO] com.s3.java.api.BucketOperation.lambda$0(BucketOperation.java:28) : test1
[2018-12-07 18:29:56 ] [INFO] com.s3.java.api.BucketOperation.lambda$0(BucketOperation.java:28) : wakesy
[2018-12-07 18:29:56 ] [INFO] com.s3.java.api.BucketOperation.lambda$0(BucketOperation.java:28) : wakesy2
[2018-12-07 18:29:56 ] [INFO] com.s3.java.api.BucketOperation.lambda$0(BucketOperation.java:28) : wakesy3
[2018-12-07 18:30:21 ] [INFO] com.s3.java.api.Common.initS3Connection(Common.java:48) : Create s3 connection successfully!
[2018-12-07 18:30:21 ] [INFO] com.s3.java.api.BucketOperation.lambda$0(BucketOperation.java:28) : aaa1
[2018-12-07 18:30:21 ] [INFO] com.s3.java.api.BucketOperation.lambda$0(BucketOperation.java:28) : test1
[2018-12-07 18:30:21 ] [INFO] com.s3.java.api.BucketOperation.lambda$0(BucketOperation.java:28) : wakesy
[2018-12-07 18:30:21 ] [INFO] com.s3.java.api.BucketOperation.lambda$0(BucketOperation.java:28) : wakesy2
[2018-12-07 18:30:21 ] [INFO] com.s3.java.api.BucketOperation.lambda$0(BucketOperation.java:28) : wakesy3
[2018-12-07 18:35:16 ] [INFO] com.s3.java.api.BaseOperation.initS3Connection(BaseOperation.java:48) : Create s3 connection successfully!
[2018-12-07 18:35:17 ] [INFO] com.s3.java.api.ObjectOperation.listObjects(ObjectOperation.java:48) : listObjects successfully!
[2018-12-07 18:35:17 ] [INFO] com.s3.java.api.ObjectOperation.lambda$0(ObjectOperation.java:49) : object: GTMC分布式存储使用课题及对策说明_20180408-reviewed-by-masi.xlsx
[2018-12-07 18:35:17 ] [INFO] com.s3.java.api.ObjectOperation.lambda$0(ObjectOperation.java:49) : object: test_resource/common.log
[2018-12-07 18:35:17 ] [INFO] com.s3.java.api.ObjectOperation.lambda$0(ObjectOperation.java:49) : object: test_resource/中文.log2
[2018-12-07 18:35:17 ] [INFO] com.s3.java.api.ObjectOperation.lambda$0(ObjectOperation.java:49) : object: 分布式对象存储迁移工具介绍.docx
[2018-12-07 18:35:17 ] [INFO] com.s3.java.api.ObjectOperation.lambda$0(ObjectOperation.java:49) : object: 查询文件名带引号的报错.png
[2018-12-07 18:35:17 ] [INFO] com.s3.java.api.ObjectOperation.lambda$0(ObjectOperation.java:49) : object: 问题记录.txt
[2018-12-07 18:35:17 ] [INFO] com.s3.java.api.ObjectOperation.putObject(ObjectOperation.java:62) : upload object successfully, object_key: common.log
[2018-12-07 18:35:17 ] [INFO] com.s3.java.api.ObjectOperation.putObject(ObjectOperation.java:62) : upload object successfully, object_key: common.log_temp
[2018-12-07 18:35:17 ] [INFO] com.s3.java.api.ObjectOperation.putObject(ObjectOperation.java:62) : upload object successfully, object_key: sysInfo.log
[2018-12-07 18:35:17 ] [INFO] com.s3.java.api.ObjectOperation.putObject(ObjectOperation.java:62) : upload object successfully, object_key: test2/common.log_temp
[2018-12-07 18:35:18 ] [INFO] com.s3.java.api.ObjectOperation.putObject(ObjectOperation.java:62) : upload object successfully, object_key: test2/sysInfo.log
[2018-12-07 18:35:18 ] [INFO] com.s3.java.api.ObjectOperation.putObject(ObjectOperation.java:62) : upload object successfully, object_key: test2/test3/common.log
[2018-12-07 18:35:18 ] [INFO] com.s3.java.api.ObjectOperation.putObject(ObjectOperation.java:62) : upload object successfully, object_key: test2/test3/common.log_temp
[2018-12-07 18:35:44 ] [INFO] com.s3.java.api.BaseOperation.initS3Connection(BaseOperation.java:48) : Create s3 connection successfully!
[2018-12-07 18:35:48 ] [INFO] com.s3.java.api.ObjectOperation.listObjects(ObjectOperation.java:48) : listObjects successfully!
[2018-12-07 18:35:48 ] [INFO] com.s3.java.api.ObjectOperation.lambda$0(ObjectOperation.java:49) : object: GTMC分布式存储使用课题及对策说明_20180408-reviewed-by-masi.xlsx
[2018-12-07 18:35:48 ] [INFO] com.s3.java.api.ObjectOperation.lambda$0(ObjectOperation.java:49) : object: common.log
[2018-12-07 18:35:48 ] [INFO] com.s3.java.api.ObjectOperation.lambda$0(ObjectOperation.java:49) : object: common.log_temp
[2018-12-07 18:35:48 ] [INFO] com.s3.java.api.ObjectOperation.lambda$0(ObjectOperation.java:49) : object: sysInfo.log
[2018-12-07 18:35:48 ] [INFO] com.s3.java.api.ObjectOperation.lambda$0(ObjectOperation.java:49) : object: test2/common.log_temp
[2018-12-07 18:35:48 ] [INFO] com.s3.java.api.ObjectOperation.lambda$0(ObjectOperation.java:49) : object: test2/sysInfo.log
[2018-12-07 18:35:48 ] [INFO] com.s3.java.api.ObjectOperation.lambda$0(ObjectOperation.java:49) : object: test2/test3/common.log
[2018-12-07 18:35:48 ] [INFO] com.s3.java.api.ObjectOperation.lambda$0(ObjectOperation.java:49) : object: test2/test3/common.log_temp
[2018-12-07 18:35:48 ] [INFO] com.s3.java.api.ObjectOperation.lambda$0(ObjectOperation.java:49) : object: test_resource/common.log
[2018-12-07 18:35:48 ] [INFO] com.s3.java.api.ObjectOperation.lambda$0(ObjectOperation.java:49) : object: test_resource/中文.log2
[2018-12-07 18:35:48 ] [INFO] com.s3.java.api.ObjectOperation.lambda$0(ObjectOperation.java:49) : object: 分布式对象存储迁移工具介绍.docx
[2018-12-07 18:35:48 ] [INFO] com.s3.java.api.ObjectOperation.lambda$0(ObjectOperation.java:49) : object: 查询文件名带引号的报错.png
[2018-12-07 18:35:48 ] [INFO] com.s3.java.api.ObjectOperation.lambda$0(ObjectOperation.java:49) : object: 问题记录.txt
[2018-12-07 18:35:48 ] [INFO] com.s3.java.api.ObjectOperation.putObject(ObjectOperation.java:62) : upload object successfully, object_key: test_resource/common.log
[2018-12-07 18:36:34 ] [INFO] com.s3.java.api.BaseOperation.initS3Connection(BaseOperation.java:48) : Create s3 connection successfully!
[2018-12-07 18:36:34 ] [INFO] com.s3.java.api.ObjectOperation.copyObject(ObjectOperation.java:116) : copy  object successfully, object_key: test_resource/common.log
[2018-12-07 18:42:39 ] [INFO] aws.s3.api.BaseOperation.initS3Connection(BaseOperation.java:48) : Create s3 connection successfully!
[2018-12-07 18:42:40 ] [INFO] aws.s3.api.BucketOperation.lambda$0(BucketOperation.java:23) : aaa1
[2018-12-07 18:42:40 ] [INFO] aws.s3.api.BucketOperation.lambda$0(BucketOperation.java:23) : test1
[2018-12-07 18:42:40 ] [INFO] aws.s3.api.BucketOperation.lambda$0(BucketOperation.java:23) : wakesy
[2018-12-07 18:42:40 ] [INFO] aws.s3.api.BucketOperation.lambda$0(BucketOperation.java:23) : wakesy2
[2018-12-07 18:42:40 ] [INFO] aws.s3.api.BucketOperation.lambda$0(BucketOperation.java:23) : wakesy3
[2018-12-07 18:47:13 ] [INFO] aws.s3.api.BaseOperation.initS3Connection(BaseOperation.java:45) : Create s3 connection successfully!
[2018-12-07 18:47:14 ] [INFO] aws.s3.api.BucketOperation.lambda$0(BucketOperation.java:23) : aaa1
[2018-12-07 18:47:14 ] [INFO] aws.s3.api.BucketOperation.lambda$0(BucketOperation.java:23) : test1
[2018-12-07 18:47:14 ] [INFO] aws.s3.api.BucketOperation.lambda$0(BucketOperation.java:23) : wakesy
[2018-12-07 18:47:14 ] [INFO] aws.s3.api.BucketOperation.lambda$0(BucketOperation.java:23) : wakesy2
[2018-12-07 18:47:14 ] [INFO] aws.s3.api.BucketOperation.lambda$0(BucketOperation.java:23) : wakesy3
